[+] Containers:
 |- [+] Container: /Game/Default
 |   |- [+] ActorDescs:
 |   |   |- Guid:03920DF94EEFC9F86CC66185D32A3DA1 NativeClass:/Script/Engine.StaticMeshActor Name:StaticMeshActor_UAID_A4AE111137DC54FB00_1240666663 Label:SM_SkySphere SpatiallyLoaded:false EditorBounds:IsValid=true, Min=(X=-1638400.000 Y=-1638400.000 Z=-1638400.000), Max=(X=1638400.000 Y=1638400.000 Z=1638400.000) EditorBoundsRelative:IsValid=true, Center=(X=0.000 Y=0.000 Z=0.000), Rotation=(X=-0.000 Y=0.000 Z=0.000), Extents=(X=4096.000 Y=4096.000 Z=4096.000) RuntimeBounds:IsValid=true, Min=(X=-1638400.000 Y=-1638400.000 Z=-1638400.000), Max=(X=1638400.000 Y=1638400.000 Z=1638400.000) RuntimeBoundsRelative:IsValid=true, Center=(X=0.000 Y=0.000 Z=0.000), Rotation=(X=-0.000 Y=0.000 Z=0.000), Extents=(X=4096.000 Y=4096.000 Z=4096.000) RuntimeGrid:None EditorOnly:false RuntimeOnly:false HLODRelevant:false ListedInSceneOutliner:true IsMainWorldOnly:true FolderPath:Lighting FolderGuid:B7E9BD5B45A652654791988DEF54CCEB View=(RuntimeGrid=MainGrid RuntimeHLODLayer=none bIsForcedNonSpatiallyLoaded=false bIsForcedNoRuntimeGrid=false bIsForcedNoDataLayers=false bIsForceNoHLODLayer=false bIsForcedHLODIrrelevant=false)
 |   |   |- Guid:1D3D26F04B6DC10BEFB5B69E5CF914C8 NativeClass:/Script/Engine.VolumetricCloud Name:VolumetricCloud_UAID_A85E45CFE40401D200_1470381760 Label:VolumetricCloud SpatiallyLoaded:false EditorBounds:IsValid=true, Min=(X=-128.000 Y=-128.000 Z=-128.000), Max=(X=128.000 Y=128.000 Z=128.000) EditorBoundsRelative:IsValid=true, Center=(X=0.000 Y=0.000 Z=0.000), Rotation=(X=-0.000 Y=0.000 Z=0.000), Extents=(X=128.000 Y=128.000 Z=128.000) RuntimeBounds:IsValid=true, Min=(X=0.000 Y=0.000 Z=0.000), Max=(X=0.000 Y=0.000 Z=0.000) RuntimeBoundsRelative:IsValid=true, Center=(X=0.000 Y=0.000 Z=0.000), Rotation=(X=-0.000 Y=0.000 Z=0.000), Extents=(X=0.000 Y=0.000 Z=0.000) RuntimeGrid:None EditorOnly:false RuntimeOnly:false HLODRelevant:false ListedInSceneOutliner:true IsMainWorldOnly:false FolderPath:Lighting FolderGuid:B7E9BD5B45A652654791988DEF54CCEB View=(RuntimeGrid=MainGrid RuntimeHLODLayer=none bIsForcedNonSpatiallyLoaded=false bIsForcedNoRuntimeGrid=false bIsForcedNoDataLayers=false bIsForceNoHLODLayer=false bIsForcedHLODIrrelevant=false)
 |   |   |- Guid:1DE8D7AC4103A2EABA11649C7FCF8ACA NativeClass:/Script/Engine.SkyLight Name:SkyLight_UAID_A85E45CFE40401D200_1470380759 Label:SkyLight SpatiallyLoaded:false EditorBounds:IsValid=true, Min=(X=-1.000 Y=-1.000 Z=-1.000), Max=(X=1.000 Y=1.000 Z=1.000) EditorBoundsRelative:IsValid=true, Center=(X=0.000 Y=0.000 Z=0.000), Rotation=(X=-0.000 Y=0.000 Z=0.000), Extents=(X=1.000 Y=1.000 Z=1.000) RuntimeBounds:IsValid=true, Min=(X=0.000 Y=0.000 Z=0.000), Max=(X=0.000 Y=0.000 Z=0.000) RuntimeBoundsRelative:IsValid=true, Center=(X=0.000 Y=0.000 Z=0.000), Rotation=(X=-0.000 Y=0.000 Z=0.000), Extents=(X=0.000 Y=0.000 Z=0.000) RuntimeGrid:None EditorOnly:false RuntimeOnly:false HLODRelevant:false ListedInSceneOutliner:true IsMainWorldOnly:false FolderPath:Lighting FolderGuid:B7E9BD5B45A652654791988DEF54CCEB View=(RuntimeGrid=MainGrid RuntimeHLODLayer=none bIsForcedNonSpatiallyLoaded=false bIsForcedNoRuntimeGrid=false bIsForcedNoDataLayers=false bIsForceNoHLODLayer=false bIsForcedHLODIrrelevant=false)
 |   |   |- Guid:1E3BE96C427E296E9236EFBFFC48DC68 NativeClass:/Script/Engine.PlayerStart Name:PlayerStart_UAID_C85ACF005C1F00B302_1940198520 Label:PlayerStart SpatiallyLoaded:false EditorBounds:IsValid=true, Min=(X=-128.000 Y=-128.000 Z=372.000), Max=(X=240.000 Y=128.000 Z=628.000) EditorBoundsRelative:IsValid=true, Center=(X=56.000 Y=0.000 Z=0.000), Rotation=(X=-0.000 Y=0.000 Z=0.000), Extents=(X=184.000 Y=128.000 Z=128.000) RuntimeBounds:IsValid=true, Min=(X=-40.000 Y=-40.000 Z=408.000), Max=(X=40.000 Y=40.000 Z=592.000) RuntimeBoundsRelative:IsValid=true, Center=(X=0.000 Y=0.000 Z=0.000), Rotation=(X=-0.000 Y=0.000 Z=0.000), Extents=(X=40.000 Y=40.000 Z=92.000) RuntimeGrid:None EditorOnly:false RuntimeOnly:false HLODRelevant:false ListedInSceneOutliner:true IsMainWorldOnly:false View=(RuntimeGrid=MainGrid RuntimeHLODLayer=none bIsForcedNonSpatiallyLoaded=false bIsForcedNoRuntimeGrid=false bIsForcedNoDataLayers=false bIsForceNoHLODLayer=false bIsForcedHLODIrrelevant=false)
 |   |   |- Guid:2CE12F874AA39D020A0F4BA5739BD305 NativeClass:/Script/Engine.SkyAtmosphere Name:SkyAtmosphere_UAID_A85E45CFE40401D200_1470382762 Label:SkyAtmosphere SpatiallyLoaded:false EditorBounds:IsValid=true, Min=(X=-128.000 Y=-128.000 Z=-128.000), Max=(X=240.000 Y=128.000 Z=128.000) EditorBoundsRelative:IsValid=true, Center=(X=56.000 Y=0.000 Z=0.000), Rotation=(X=-0.000 Y=0.000 Z=0.000), Extents=(X=184.000 Y=128.000 Z=128.000) RuntimeBounds:IsValid=true, Min=(X=0.000 Y=0.000 Z=0.000), Max=(X=0.000 Y=0.000 Z=0.000) RuntimeBoundsRelative:IsValid=true, Center=(X=0.000 Y=0.000 Z=0.000), Rotation=(X=-0.000 Y=0.000 Z=0.000), Extents=(X=0.000 Y=0.000 Z=0.000) RuntimeGrid:None EditorOnly:false RuntimeOnly:false HLODRelevant:false ListedInSceneOutliner:true IsMainWorldOnly:false FolderPath:Lighting FolderGuid:B7E9BD5B45A652654791988DEF54CCEB View=(RuntimeGrid=MainGrid RuntimeHLODLayer=none bIsForcedNonSpatiallyLoaded=false bIsForcedNoRuntimeGrid=false bIsForcedNoDataLayers=false bIsForceNoHLODLayer=false bIsForcedHLODIrrelevant=false)
 |   |   |- Guid:5368FABB47D6D9580DAECA8B0417BF92 NativeClass:/Script/Engine.WorldDataLayers Name:WorldDataLayers Label:WorldDataLayers-1 SpatiallyLoaded:false EditorBounds:IsValid=false EditorBoundsRelative:IsValid=false RuntimeBounds:IsValid=true, Min=(X=0.000 Y=0.000 Z=0.000), Max=(X=0.000 Y=0.000 Z=0.000) RuntimeBoundsRelative:IsValid=true, Center=(X=0.000 Y=0.000 Z=0.000), Rotation=(X=-0.000 Y=0.000 Z=0.000), Extents=(X=0.000 Y=0.000 Z=0.000) RuntimeGrid:None EditorOnly:false RuntimeOnly:false HLODRelevant:false ListedInSceneOutliner:true IsMainWorldOnly:true View=(RuntimeGrid=MainGrid RuntimeHLODLayer=none bIsForcedNonSpatiallyLoaded=false bIsForcedNoRuntimeGrid=false bIsForcedNoDataLayers=false bIsForceNoHLODLayer=false bIsForcedHLODIrrelevant=false)
 |   |   |- Guid:64E75BDF47357676504C7A913EF2AD75 BaseClass:/Game/Blueprints/Tile/BP_HexGrid.BP_HexGrid_C NativeClass:/Script/Engine.Actor Name:BP_HexGrid_C_UAID_04421AEE7ED2D6AC02_1466780791 Label:BP_HexGrid SpatiallyLoaded:true EditorBounds:IsValid=true, Min=(X=0.000 Y=0.000 Z=15.000), Max=(X=0.000 Y=0.000 Z=15.000) EditorBoundsRelative:IsValid=true, Center=(X=0.000 Y=0.000 Z=0.000), Rotation=(X=-0.000 Y=0.000 Z=0.000), Extents=(X=0.000 Y=0.000 Z=0.000) RuntimeBounds:IsValid=true, Min=(X=0.000 Y=0.000 Z=15.000), Max=(X=0.000 Y=0.000 Z=15.000) RuntimeBoundsRelative:IsValid=true, Center=(X=0.000 Y=0.000 Z=0.000), Rotation=(X=-0.000 Y=0.000 Z=0.000), Extents=(X=0.000 Y=0.000 Z=0.000) RuntimeGrid:None EditorOnly:false RuntimeOnly:false HLODRelevant:false ListedInSceneOutliner:true IsMainWorldOnly:false View=(RuntimeGrid=MainGrid RuntimeHLODLayer=none bIsForcedNonSpatiallyLoaded=false bIsForcedNoRuntimeGrid=false bIsForcedNoDataLayers=false bIsForceNoHLODLayer=false bIsForcedHLODIrrelevant=false)
 |   |   |- Guid:AAAC6B5742760A58C2206DB37E44683C NativeClass:/Script/Engine.DirectionalLight Name:DirectionalLight_UAID_A85E45CFE40401D200_1470382761 Label:DirectionalLight SpatiallyLoaded:false EditorBounds:IsValid=false EditorBoundsRelative:IsValid=false RuntimeBounds:IsValid=false RuntimeBoundsRelative:IsValid=false RuntimeGrid:None EditorOnly:false RuntimeOnly:false HLODRelevant:false ListedInSceneOutliner:true IsMainWorldOnly:true FolderPath:Lighting FolderGuid:B7E9BD5B45A652654791988DEF54CCEB View=(RuntimeGrid=MainGrid RuntimeHLODLayer=none bIsForcedNonSpatiallyLoaded=false bIsForcedNoRuntimeGrid=false bIsForcedNoDataLayers=false bIsForceNoHLODLayer=false bIsForcedHLODIrrelevant=false)
 |   |   |- Guid:D3FB7383421AAEFD3DB6F8B1E415A9FE NativeClass:/Script/Engine.ExponentialHeightFog Name:ExponentialHeightFog_UAID_A85E45CFE40401D200_1470382763 Label:ExponentialHeightFog SpatiallyLoaded:false EditorBounds:IsValid=true, Min=(X=-5728.000 Y=-178.000 Z=-6978.000), Max=(X=-5472.000 Y=78.000 Z=-6722.000) EditorBoundsRelative:IsValid=true, Center=(X=0.000 Y=0.000 Z=0.000), Rotation=(X=-0.000 Y=0.000 Z=0.000), Extents=(X=128.000 Y=128.000 Z=128.000) RuntimeBounds:IsValid=true, Min=(X=-5600.000 Y=-50.000 Z=-6850.000), Max=(X=-5600.000 Y=-50.000 Z=-6850.000) RuntimeBoundsRelative:IsValid=true, Center=(X=0.000 Y=0.000 Z=0.000), Rotation=(X=-0.000 Y=0.000 Z=0.000), Extents=(X=0.000 Y=0.000 Z=0.000) RuntimeGrid:None EditorOnly:false RuntimeOnly:false HLODRelevant:false ListedInSceneOutliner:true IsMainWorldOnly:false FolderPath:Lighting FolderGuid:B7E9BD5B45A652654791988DEF54CCEB View=(RuntimeGrid=MainGrid RuntimeHLODLayer=none bIsForcedNonSpatiallyLoaded=false bIsForcedNoRuntimeGrid=false bIsForcedNoDataLayers=false bIsForceNoHLODLayer=false bIsForcedHLODIrrelevant=false)
 |   |- [+] Clusters:
 |   |   |- [+] [  0]
 |   |   |   |- Guid:03920DF94EEFC9F86CC66185D32A3DA1 NativeClass:/Script/Engine.StaticMeshActor Name:StaticMeshActor_UAID_A4AE111137DC54FB00_1240666663 Label:SM_SkySphere SpatiallyLoaded:false EditorBounds:IsValid=true, Min=(X=-1638400.000 Y=-1638400.000 Z=-1638400.000), Max=(X=1638400.000 Y=1638400.000 Z=1638400.000) EditorBoundsRelative:IsValid=true, Center=(X=0.000 Y=0.000 Z=0.000), Rotation=(X=-0.000 Y=0.000 Z=0.000), Extents=(X=4096.000 Y=4096.000 Z=4096.000) RuntimeBounds:IsValid=true, Min=(X=-1638400.000 Y=-1638400.000 Z=-1638400.000), Max=(X=1638400.000 Y=1638400.000 Z=1638400.000) RuntimeBoundsRelative:IsValid=true, Center=(X=0.000 Y=0.000 Z=0.000), Rotation=(X=-0.000 Y=0.000 Z=0.000), Extents=(X=4096.000 Y=4096.000 Z=4096.000) RuntimeGrid:None EditorOnly:false RuntimeOnly:false HLODRelevant:false ListedInSceneOutliner:true IsMainWorldOnly:true FolderPath:Lighting FolderGuid:B7E9BD5B45A652654791988DEF54CCEB View=(RuntimeGrid=MainGrid RuntimeHLODLayer=none bIsForcedNonSpatiallyLoaded=false bIsForcedNoRuntimeGrid=false bIsForcedNoDataLayers=false bIsForceNoHLODLayer=false bIsForcedHLODIrrelevant=false)
 |   |   |- [+] [  1]
 |   |   |   |- Guid:1D3D26F04B6DC10BEFB5B69E5CF914C8 NativeClass:/Script/Engine.VolumetricCloud Name:VolumetricCloud_UAID_A85E45CFE40401D200_1470381760 Label:VolumetricCloud SpatiallyLoaded:false EditorBounds:IsValid=true, Min=(X=-128.000 Y=-128.000 Z=-128.000), Max=(X=128.000 Y=128.000 Z=128.000) EditorBoundsRelative:IsValid=true, Center=(X=0.000 Y=0.000 Z=0.000), Rotation=(X=-0.000 Y=0.000 Z=0.000), Extents=(X=128.000 Y=128.000 Z=128.000) RuntimeBounds:IsValid=true, Min=(X=0.000 Y=0.000 Z=0.000), Max=(X=0.000 Y=0.000 Z=0.000) RuntimeBoundsRelative:IsValid=true, Center=(X=0.000 Y=0.000 Z=0.000), Rotation=(X=-0.000 Y=0.000 Z=0.000), Extents=(X=0.000 Y=0.000 Z=0.000) RuntimeGrid:None EditorOnly:false RuntimeOnly:false HLODRelevant:false ListedInSceneOutliner:true IsMainWorldOnly:false FolderPath:Lighting FolderGuid:B7E9BD5B45A652654791988DEF54CCEB View=(RuntimeGrid=MainGrid RuntimeHLODLayer=none bIsForcedNonSpatiallyLoaded=false bIsForcedNoRuntimeGrid=false bIsForcedNoDataLayers=false bIsForceNoHLODLayer=false bIsForcedHLODIrrelevant=false)
 |   |   |- [+] [  2]
 |   |   |   |- Guid:1DE8D7AC4103A2EABA11649C7FCF8ACA NativeClass:/Script/Engine.SkyLight Name:SkyLight_UAID_A85E45CFE40401D200_1470380759 Label:SkyLight SpatiallyLoaded:false EditorBounds:IsValid=true, Min=(X=-1.000 Y=-1.000 Z=-1.000), Max=(X=1.000 Y=1.000 Z=1.000) EditorBoundsRelative:IsValid=true, Center=(X=0.000 Y=0.000 Z=0.000), Rotation=(X=-0.000 Y=0.000 Z=0.000), Extents=(X=1.000 Y=1.000 Z=1.000) RuntimeBounds:IsValid=true, Min=(X=0.000 Y=0.000 Z=0.000), Max=(X=0.000 Y=0.000 Z=0.000) RuntimeBoundsRelative:IsValid=true, Center=(X=0.000 Y=0.000 Z=0.000), Rotation=(X=-0.000 Y=0.000 Z=0.000), Extents=(X=0.000 Y=0.000 Z=0.000) RuntimeGrid:None EditorOnly:false RuntimeOnly:false HLODRelevant:false ListedInSceneOutliner:true IsMainWorldOnly:false FolderPath:Lighting FolderGuid:B7E9BD5B45A652654791988DEF54CCEB View=(RuntimeGrid=MainGrid RuntimeHLODLayer=none bIsForcedNonSpatiallyLoaded=false bIsForcedNoRuntimeGrid=false bIsForcedNoDataLayers=false bIsForceNoHLODLayer=false bIsForcedHLODIrrelevant=false)
 |   |   |- [+] [  3]
 |   |   |   |- Guid:1E3BE96C427E296E9236EFBFFC48DC68 NativeClass:/Script/Engine.PlayerStart Name:PlayerStart_UAID_C85ACF005C1F00B302_1940198520 Label:PlayerStart SpatiallyLoaded:false EditorBounds:IsValid=true, Min=(X=-128.000 Y=-128.000 Z=372.000), Max=(X=240.000 Y=128.000 Z=628.000) EditorBoundsRelative:IsValid=true, Center=(X=56.000 Y=0.000 Z=0.000), Rotation=(X=-0.000 Y=0.000 Z=0.000), Extents=(X=184.000 Y=128.000 Z=128.000) RuntimeBounds:IsValid=true, Min=(X=-40.000 Y=-40.000 Z=408.000), Max=(X=40.000 Y=40.000 Z=592.000) RuntimeBoundsRelative:IsValid=true, Center=(X=0.000 Y=0.000 Z=0.000), Rotation=(X=-0.000 Y=0.000 Z=0.000), Extents=(X=40.000 Y=40.000 Z=92.000) RuntimeGrid:None EditorOnly:false RuntimeOnly:false HLODRelevant:false ListedInSceneOutliner:true IsMainWorldOnly:false View=(RuntimeGrid=MainGrid RuntimeHLODLayer=none bIsForcedNonSpatiallyLoaded=false bIsForcedNoRuntimeGrid=false bIsForcedNoDataLayers=false bIsForceNoHLODLayer=false bIsForcedHLODIrrelevant=false)
 |   |   |- [+] [  4]
 |   |   |   |- Guid:2CE12F874AA39D020A0F4BA5739BD305 NativeClass:/Script/Engine.SkyAtmosphere Name:SkyAtmosphere_UAID_A85E45CFE40401D200_1470382762 Label:SkyAtmosphere SpatiallyLoaded:false EditorBounds:IsValid=true, Min=(X=-128.000 Y=-128.000 Z=-128.000), Max=(X=240.000 Y=128.000 Z=128.000) EditorBoundsRelative:IsValid=true, Center=(X=56.000 Y=0.000 Z=0.000), Rotation=(X=-0.000 Y=0.000 Z=0.000), Extents=(X=184.000 Y=128.000 Z=128.000) RuntimeBounds:IsValid=true, Min=(X=0.000 Y=0.000 Z=0.000), Max=(X=0.000 Y=0.000 Z=0.000) RuntimeBoundsRelative:IsValid=true, Center=(X=0.000 Y=0.000 Z=0.000), Rotation=(X=-0.000 Y=0.000 Z=0.000), Extents=(X=0.000 Y=0.000 Z=0.000) RuntimeGrid:None EditorOnly:false RuntimeOnly:false HLODRelevant:false ListedInSceneOutliner:true IsMainWorldOnly:false FolderPath:Lighting FolderGuid:B7E9BD5B45A652654791988DEF54CCEB View=(RuntimeGrid=MainGrid RuntimeHLODLayer=none bIsForcedNonSpatiallyLoaded=false bIsForcedNoRuntimeGrid=false bIsForcedNoDataLayers=false bIsForceNoHLODLayer=false bIsForcedHLODIrrelevant=false)
 |   |   |- [+] [  5]
 |   |   |   |- Guid:5368FABB47D6D9580DAECA8B0417BF92 NativeClass:/Script/Engine.WorldDataLayers Name:WorldDataLayers Label:WorldDataLayers-1 SpatiallyLoaded:false EditorBounds:IsValid=false EditorBoundsRelative:IsValid=false RuntimeBounds:IsValid=true, Min=(X=0.000 Y=0.000 Z=0.000), Max=(X=0.000 Y=0.000 Z=0.000) RuntimeBoundsRelative:IsValid=true, Center=(X=0.000 Y=0.000 Z=0.000), Rotation=(X=-0.000 Y=0.000 Z=0.000), Extents=(X=0.000 Y=0.000 Z=0.000) RuntimeGrid:None EditorOnly:false RuntimeOnly:false HLODRelevant:false ListedInSceneOutliner:true IsMainWorldOnly:true View=(RuntimeGrid=MainGrid RuntimeHLODLayer=none bIsForcedNonSpatiallyLoaded=false bIsForcedNoRuntimeGrid=false bIsForcedNoDataLayers=false bIsForceNoHLODLayer=false bIsForcedHLODIrrelevant=false)
 |   |   |- [+] [  6]
 |   |   |   |- Guid:64E75BDF47357676504C7A913EF2AD75 BaseClass:/Game/Blueprints/Tile/BP_HexGrid.BP_HexGrid_C NativeClass:/Script/Engine.Actor Name:BP_HexGrid_C_UAID_04421AEE7ED2D6AC02_1466780791 Label:BP_HexGrid SpatiallyLoaded:true EditorBounds:IsValid=true, Min=(X=0.000 Y=0.000 Z=15.000), Max=(X=0.000 Y=0.000 Z=15.000) EditorBoundsRelative:IsValid=true, Center=(X=0.000 Y=0.000 Z=0.000), Rotation=(X=-0.000 Y=0.000 Z=0.000), Extents=(X=0.000 Y=0.000 Z=0.000) RuntimeBounds:IsValid=true, Min=(X=0.000 Y=0.000 Z=15.000), Max=(X=0.000 Y=0.000 Z=15.000) RuntimeBoundsRelative:IsValid=true, Center=(X=0.000 Y=0.000 Z=0.000), Rotation=(X=-0.000 Y=0.000 Z=0.000), Extents=(X=0.000 Y=0.000 Z=0.000) RuntimeGrid:None EditorOnly:false RuntimeOnly:false HLODRelevant:false ListedInSceneOutliner:true IsMainWorldOnly:false View=(RuntimeGrid=MainGrid RuntimeHLODLayer=none bIsForcedNonSpatiallyLoaded=false bIsForcedNoRuntimeGrid=false bIsForcedNoDataLayers=false bIsForceNoHLODLayer=false bIsForcedHLODIrrelevant=false)
 |   |   |- [+] [  7]
 |   |   |   |- Guid:AAAC6B5742760A58C2206DB37E44683C NativeClass:/Script/Engine.DirectionalLight Name:DirectionalLight_UAID_A85E45CFE40401D200_1470382761 Label:DirectionalLight SpatiallyLoaded:false EditorBounds:IsValid=false EditorBoundsRelative:IsValid=false RuntimeBounds:IsValid=false RuntimeBoundsRelative:IsValid=false RuntimeGrid:None EditorOnly:false RuntimeOnly:false HLODRelevant:false ListedInSceneOutliner:true IsMainWorldOnly:true FolderPath:Lighting FolderGuid:B7E9BD5B45A652654791988DEF54CCEB View=(RuntimeGrid=MainGrid RuntimeHLODLayer=none bIsForcedNonSpatiallyLoaded=false bIsForcedNoRuntimeGrid=false bIsForcedNoDataLayers=false bIsForceNoHLODLayer=false bIsForcedHLODIrrelevant=false)
 |   |   |- [+] [  8]
 |   |   |   |- Guid:D3FB7383421AAEFD3DB6F8B1E415A9FE NativeClass:/Script/Engine.ExponentialHeightFog Name:ExponentialHeightFog_UAID_A85E45CFE40401D200_1470382763 Label:ExponentialHeightFog SpatiallyLoaded:false EditorBounds:IsValid=true, Min=(X=-5728.000 Y=-178.000 Z=-6978.000), Max=(X=-5472.000 Y=78.000 Z=-6722.000) EditorBoundsRelative:IsValid=true, Center=(X=0.000 Y=0.000 Z=0.000), Rotation=(X=-0.000 Y=0.000 Z=0.000), Extents=(X=128.000 Y=128.000 Z=128.000) RuntimeBounds:IsValid=true, Min=(X=-5600.000 Y=-50.000 Z=-6850.000), Max=(X=-5600.000 Y=-50.000 Z=-6850.000) RuntimeBoundsRelative:IsValid=true, Center=(X=0.000 Y=0.000 Z=0.000), Rotation=(X=-0.000 Y=0.000 Z=0.000), Extents=(X=0.000 Y=0.000 Z=0.000) RuntimeGrid:None EditorOnly:false RuntimeOnly:false HLODRelevant:false ListedInSceneOutliner:true IsMainWorldOnly:false FolderPath:Lighting FolderGuid:B7E9BD5B45A652654791988DEF54CCEB View=(RuntimeGrid=MainGrid RuntimeHLODLayer=none bIsForcedNonSpatiallyLoaded=false bIsForcedNoRuntimeGrid=false bIsForcedNoDataLayers=false bIsForceNoHLODLayer=false bIsForcedHLODIrrelevant=false)
 |- ContainerInstances:
 |- [+] MainContainer:
 |   |-           ID: 00000000000000000000000000000000
 |   |-     ParentID: 00000000000000000000000000000000
 |   |-       Bounds: IsValid=true, Min=(X=0.000 Y=0.000 Z=15.000), Max=(X=0.000 Y=0.000 Z=15.000)
 |   |-    Transform: 0.000000,0.000000,0.000000|0.000000,0.000000,-0.000000|1.000000,1.000000,1.000000
 |   |-    Container: /Game/Default
 |   |- HLODRelevant: true
----------------------------------------------------------------------------------------------------------------
Default - Persistent Level
----------------------------------------------------------------------------------------------------------------
[+] Content of Default Persistent Level
 |- Always loaded Actor Count: 8 
 |- Actor Path: /Game/Default.Default:PersistentLevel.DirectionalLight_UAID_A85E45CFE40401D200_1470382761
 |- Actor Package: /Game/__ExternalActors__/Default/F/5D/R22FOK2T04H55XACQP4X7Z
 |- Actor Path: /Game/Default.Default:PersistentLevel.ExponentialHeightFog_UAID_A85E45CFE40401D200_1470382763
 |- Actor Package: /Game/__ExternalActors__/Default/6/1S/M9QQR9QYRK9YDH4U3F87AD
 |- Actor Path: /Game/Default.Default:PersistentLevel.PlayerStart_UAID_C85ACF005C1F00B302_1940198520
 |- Actor Package: /Game/__ExternalActors__/Default/6/MV/W0NYOXK7Q9YVAMQ6MH3RSN
 |- Actor Path: /Game/Default.Default:PersistentLevel.SkyAtmosphere_UAID_A85E45CFE40401D200_1470382762
 |- Actor Package: /Game/__ExternalActors__/Default/A/MU/HCZGD90UU9MVZECSYXSJFB
 |- Actor Path: /Game/Default.Default:PersistentLevel.SkyLight_UAID_A85E45CFE40401D200_1470380759
 |- Actor Package: /Game/__ExternalActors__/Default/B/EQ/NQOXZJLN4YSGFXE0L0SU3C
 |- Actor Path: /Game/Default.Default:PersistentLevel.StaticMeshActor_UAID_A4AE111137DC54FB00_1240666663
 |- Actor Package: /Game/__ExternalActors__/Default/6/Q0/PDSB5SBLVRTKNFUA9JLQO2
 |- Actor Path: /Game/Default.Default:PersistentLevel.VolumetricCloud_UAID_A85E45CFE40401D200_1470381760
 |- Actor Package: /Game/__ExternalActors__/Default/6/S7/NJWOC3HY5E30DH6NAD1489
 |- Actor Path: /Game/Default.Default:PersistentLevel.WorldDataLayers
 |- Actor Package: /Game/__ExternalActors__/Default/F/0Q/SUEE0HOETCCR0UZZWPZHM9

----------------------------------------------------------------------------------------------------------------
Default - Runtime Hash Set
----------------------------------------------------------------------------------------------------------------
[+] Content of Cell Default_MainGrid_L0_X0_Y0_Z0 (9DFK5Z27YJ6KRQA8VCY4TQ2SJ)
 |- Actor Count: 1
 |- Always Loaded: False
 |- Spatially Loaded: True
 |- Content Bounds: IsValid=true, Min=(X=0.000 Y=0.000 Z=15.000), Max=(X=0.000 Y=0.000 Z=15.000)
 |- Cell Bounds: IsValid=true, Min=(X=0.000 Y=0.000 Z=0.000), Max=(X=25200.000 Y=25200.000 Z=25200.000)
 |- Is 2D: False
 |- [+] /Game/Default.Default:PersistentLevel.BP_HexGrid_C_UAID_04421AEE7ED2D6AC02_1466780791
 |   |-         Package: /Game/__ExternalActors__/Default/A/5Q/EP6KEOR0ACD7GK01827H54
 |   |-     Editor Only: 0
 |   |-   Instance Guid: 64E75BDF47357676504C7A913EF2AD75
 |   |- [+] Container:
 |   |   |-        ID: 00000000000000000000000000000000
 |   |   |- Transform: 0.000000,0.000000,0.000000|0.000000,0.000000,-0.000000|1.000000,1.000000,1.000000

